<?xml version="1.0" encoding="UTF-8"?>
<!-- Generated by org.testng.reporters.JUnitXMLReporter -->
<testsuite ignored="0" hostname="JayPooja" failures="0" tests="8" name="Surefire test" time="12.868" errors="0" timestamp="2023-12-28T12:38:32 NZDT">
  <testcase classname="api.test.PetTests" name="testCreatePetUsingPropertiesFile" time="2.68"/>
  <testcase classname="api.test.StoreTests" name="testCreateOrder" time="1.127"/>
  <testcase classname="api.test.StoreTests" name="testGetOrder" time="1.318"/>
  <testcase classname="api.test.StoreTests" name="testDeleteOrder" time="1.118"/>
  <testcase classname="api.test.UserTests" name="testCreateUser" time="1.443"/>
  <testcase classname="api.test.UserTests" name="testGetUser" time="1.115"/>
  <testcase classname="api.test.UserTests" name="testUpdateUser" time="2.215"/>
  <testcase classname="api.test.UserTests" name="testDeleteUser" time="1.123"/>
</testsuite> <!-- Surefire test -->
