<?xml version="1.0" encoding="UTF-8"?>
<!-- Generated by org.testng.reporters.JUnitXMLReporter -->
<testsuite ignored="0" hostname="JayPooja" failures="0" tests="11" name="Test" time="15.776" errors="0" timestamp="2023-12-27T14:43:36 NZDT">
  <testcase classname="api.test.PetTests" name="testCreatePet" time="2.59"/>
  <testcase classname="api.test.PetTests" name="testGetPet" time="1.134"/>
  <testcase classname="api.test.PetTests" name="testUpdatePet" time="1.125"/>
  <testcase classname="api.test.PetTests" name="testDeletePet" time="1.117"/>
  <testcase classname="api.test.UserTests" name="testCreateUser" time="1.229"/>
  <testcase classname="api.test.UserTests" name="testGetUser" time="1.127"/>
  <testcase classname="api.test.UserTests" name="testUpdateUser" time="2.241"/>
  <testcase classname="api.test.UserTests" name="testDeleteUser" time="1.11"/>
  <testcase classname="api.test.StoreTests" name="testCreateOrder" time="1.131"/>
  <testcase classname="api.test.StoreTests" name="testGetOrder" time="1.273"/>
  <testcase classname="api.test.StoreTests" name="testDeleteOrder" time="1.107"/>
</testsuite> <!-- Test -->
