<?xml version="1.0" encoding="UTF-8"?>
<testng-results ignored="0" total="1" passed="1" failed="0" skipped="0">
  <reporter-output>
  </reporter-output>
  <suite started-at="2023-12-27T20:58:44 NZDT" name="Default suite" finished-at="2023-12-27T20:58:48 NZDT" duration-ms="3311">
    <groups>
    </groups>
    <test started-at="2023-12-27T20:58:44 NZDT" name="Default test" finished-at="2023-12-27T20:58:48 NZDT" duration-ms="3311">
      <class name="api.test.PetTests">
        <test-method is-config="true" signature="generateData()[pri:0, instance:api.test.PetTests@2e8c1c9b]" started-at="2023-12-27T20:58:44 NZDT" name="generateData" finished-at="2023-12-27T20:58:45 NZDT" duration-ms="582" status="PASS">
          <reporter-output>
          </reporter-output>
        </test-method> <!-- generateData -->
        <test-method signature="testCreatePetUsingPropertiesFile()[pri:5, instance:api.test.PetTests@2e8c1c9b]" started-at="2023-12-27T20:58:45 NZDT" name="testCreatePetUsingPropertiesFile" finished-at="2023-12-27T20:58:48 NZDT" duration-ms="2689" status="PASS">
          <reporter-output>
          </reporter-output>
        </test-method> <!-- testCreatePetUsingPropertiesFile -->
      </class> <!-- api.test.PetTests -->
    </test> <!-- Default test -->
  </suite> <!-- Default suite -->
</testng-results>
